[0.073s] Invoking command in '/home/lilrosdhruv/ros2_ws/src/Capstone/build/image_stream': CMAKE_PREFIX_PATH=${CMAKE_PREFIX_PATH}:/opt/ros/humble WSLENV=ELECTRON_RUN_AS_NODE/w: /usr/bin/cmake /home/lilrosdhruv/ros2_ws/src/Capstone/image_stream -DCMAKE_INSTALL_PREFIX=/home/lilrosdhruv/ros2_ws/src/Capstone/install/image_stream
[0.398s] -- The C compiler identification is GNU 11.4.0
[1.064s] -- The CXX compiler identification is GNU 11.4.0
[1.497s] -- Detecting C compiler ABI info
[1.686s] -- Detecting C compiler ABI info - done
[1.695s] -- Check for working C compiler: /usr/bin/cc - skipped
[1.696s] -- Detecting C compile features
[1.697s] -- Detecting C compile features - done
[1.702s] -- Detecting CXX compiler ABI info
[1.903s] -- Detecting CXX compiler ABI info - done
[1.910s] -- Check for working CXX compiler: /usr/bin/c++ - skipped
[1.910s] -- Detecting CXX compile features
[1.911s] -- Detecting CXX compile features - done
[1.932s] -- Found ament_cmake: 1.3.6 (/opt/ros/humble/share/ament_cmake/cmake)
[2.116s] -- Found Python3: /usr/bin/python3.10 (found version "3.10.12") found components: Interpreter 
[2.260s] -- Found rclcpp: 16.0.7 (/opt/ros/humble/share/rclcpp/cmake)
[2.610s] -- Found rosidl_generator_c: 3.1.5 (/opt/ros/humble/share/rosidl_generator_c/cmake)
[2.625s] -- Found rosidl_adapter: 3.1.5 (/opt/ros/humble/share/rosidl_adapter/cmake)
[2.645s] -- Found rosidl_generator_cpp: 3.1.5 (/opt/ros/humble/share/rosidl_generator_cpp/cmake)
[2.699s] -- Using all available rosidl_typesupport_c: rosidl_typesupport_fastrtps_c;rosidl_typesupport_introspection_c
[2.755s] -- Using all available rosidl_typesupport_cpp: rosidl_typesupport_fastrtps_cpp;rosidl_typesupport_introspection_cpp
[2.881s] -- Found rmw_implementation_cmake: 6.1.1 (/opt/ros/humble/share/rmw_implementation_cmake/cmake)
[2.889s] -- Found rmw_fastrtps_cpp: 6.2.5 (/opt/ros/humble/share/rmw_fastrtps_cpp/cmake)
[5.608s] -- Found OpenSSL: /usr/lib/x86_64-linux-gnu/libcrypto.so (found version "3.0.2")  
[7.789s] -- Found FastRTPS: /opt/ros/humble/include  
[11.835s] -- Using RMW implementation 'rmw_fastrtps_cpp' as default
[11.870s] -- Looking for pthread.h
[12.145s] -- Looking for pthread.h - found
[12.145s] -- Performing Test CMAKE_HAVE_LIBC_PTHREAD
[12.329s] -- Performing Test CMAKE_HAVE_LIBC_PTHREAD - Success
[12.331s] -- Found Threads: TRUE  
[12.538s] -- Found sensor_msgs: 4.2.3 (/opt/ros/humble/share/sensor_msgs/cmake)
[12.706s] -- Found cv_bridge: 3.2.1 (/opt/ros/humble/share/cv_bridge/cmake)
[12.727s] -- Found image_transport: 3.1.7 (/opt/ros/humble/share/image_transport/cmake)
[15.299s] -- Found OpenCV: /usr (found version "4.5.4") 
[15.314s] -- Found ament_lint_auto: 0.12.9 (/opt/ros/humble/share/ament_lint_auto/cmake)
[15.384s] -- Configuring done
[15.407s] -- Generating done
[15.409s] -- Build files have been written to: /home/lilrosdhruv/ros2_ws/src/Capstone/build/image_stream
[15.422s] Invoked command in '/home/lilrosdhruv/ros2_ws/src/Capstone/build/image_stream' returned '0': CMAKE_PREFIX_PATH=${CMAKE_PREFIX_PATH}:/opt/ros/humble WSLENV=ELECTRON_RUN_AS_NODE/w: /usr/bin/cmake /home/lilrosdhruv/ros2_ws/src/Capstone/image_stream -DCMAKE_INSTALL_PREFIX=/home/lilrosdhruv/ros2_ws/src/Capstone/install/image_stream
[15.423s] Invoking command in '/home/lilrosdhruv/ros2_ws/src/Capstone/build/image_stream': CMAKE_PREFIX_PATH=${CMAKE_PREFIX_PATH}:/opt/ros/humble WSLENV=ELECTRON_RUN_AS_NODE/w: /usr/bin/cmake --build /home/lilrosdhruv/ros2_ws/src/Capstone/build/image_stream -- -j8 -l8
[15.462s] [ 25%] [32mBuilding CXX object CMakeFiles/image_subscriber.dir/src/image_subscriber.cpp.o[0m
[15.463s] [ 50%] [32mBuilding CXX object CMakeFiles/image_publisher.dir/src/image_publisher.cpp.o[0m
[23.884s] [ 75%] [32m[1mLinking CXX executable image_publisher[0m
[25.544s] [ 75%] Built target image_publisher
[27.310s] [100%] [32m[1mLinking CXX executable image_subscriber[0m
[28.673s] [100%] Built target image_subscriber
[28.686s] Invoked command in '/home/lilrosdhruv/ros2_ws/src/Capstone/build/image_stream' returned '0': CMAKE_PREFIX_PATH=${CMAKE_PREFIX_PATH}:/opt/ros/humble WSLENV=ELECTRON_RUN_AS_NODE/w: /usr/bin/cmake --build /home/lilrosdhruv/ros2_ws/src/Capstone/build/image_stream -- -j8 -l8
[28.725s] Invoking command in '/home/lilrosdhruv/ros2_ws/src/Capstone/build/image_stream': CMAKE_PREFIX_PATH=${CMAKE_PREFIX_PATH}:/opt/ros/humble WSLENV=ELECTRON_RUN_AS_NODE/w: /usr/bin/cmake --install /home/lilrosdhruv/ros2_ws/src/Capstone/build/image_stream
[28.734s] -- Install configuration: ""
[28.735s] -- Installing: /home/lilrosdhruv/ros2_ws/src/Capstone/install/image_stream/lib/image_stream/image_publisher
[28.738s] -- Set runtime path of "/home/lilrosdhruv/ros2_ws/src/Capstone/install/image_stream/lib/image_stream/image_publisher" to ""
[28.738s] -- Installing: /home/lilrosdhruv/ros2_ws/src/Capstone/install/image_stream/lib/image_stream/image_subscriber
[28.746s] -- Set runtime path of "/home/lilrosdhruv/ros2_ws/src/Capstone/install/image_stream/lib/image_stream/image_subscriber" to ""
[28.746s] -- Installing: /home/lilrosdhruv/ros2_ws/src/Capstone/install/image_stream/share/image_stream/resource
[28.747s] -- Installing: /home/lilrosdhruv/ros2_ws/src/Capstone/install/image_stream/share/image_stream/resource/boat.png
[28.757s] -- Installing: /home/lilrosdhruv/ros2_ws/src/Capstone/install/image_stream/share/ament_index/resource_index/package_run_dependencies/image_stream
[28.758s] -- Installing: /home/lilrosdhruv/ros2_ws/src/Capstone/install/image_stream/share/ament_index/resource_index/parent_prefix_path/image_stream
[28.758s] -- Installing: /home/lilrosdhruv/ros2_ws/src/Capstone/install/image_stream/share/image_stream/environment/ament_prefix_path.sh
[28.759s] -- Installing: /home/lilrosdhruv/ros2_ws/src/Capstone/install/image_stream/share/image_stream/environment/ament_prefix_path.dsv
[28.759s] -- Installing: /home/lilrosdhruv/ros2_ws/src/Capstone/install/image_stream/share/image_stream/environment/path.sh
[28.759s] -- Installing: /home/lilrosdhruv/ros2_ws/src/Capstone/install/image_stream/share/image_stream/environment/path.dsv
[28.759s] -- Installing: /home/lilrosdhruv/ros2_ws/src/Capstone/install/image_stream/share/image_stream/local_setup.bash
[28.759s] -- Installing: /home/lilrosdhruv/ros2_ws/src/Capstone/install/image_stream/share/image_stream/local_setup.sh
[28.760s] -- Installing: /home/lilrosdhruv/ros2_ws/src/Capstone/install/image_stream/share/image_stream/local_setup.zsh
[28.760s] -- Installing: /home/lilrosdhruv/ros2_ws/src/Capstone/install/image_stream/share/image_stream/local_setup.dsv
[28.760s] -- Installing: /home/lilrosdhruv/ros2_ws/src/Capstone/install/image_stream/share/image_stream/package.dsv
[28.760s] -- Installing: /home/lilrosdhruv/ros2_ws/src/Capstone/install/image_stream/share/ament_index/resource_index/packages/image_stream
[28.760s] -- Installing: /home/lilrosdhruv/ros2_ws/src/Capstone/install/image_stream/share/image_stream/cmake/image_streamConfig.cmake
[28.760s] -- Installing: /home/lilrosdhruv/ros2_ws/src/Capstone/install/image_stream/share/image_stream/cmake/image_streamConfig-version.cmake
[28.760s] -- Installing: /home/lilrosdhruv/ros2_ws/src/Capstone/install/image_stream/share/image_stream/package.xml
[28.763s] Invoked command in '/home/lilrosdhruv/ros2_ws/src/Capstone/build/image_stream' returned '0': CMAKE_PREFIX_PATH=${CMAKE_PREFIX_PATH}:/opt/ros/humble WSLENV=ELECTRON_RUN_AS_NODE/w: /usr/bin/cmake --install /home/lilrosdhruv/ros2_ws/src/Capstone/build/image_stream
