[1.323s] DEBUG:colcon:Command line arguments: ['/usr/bin/colcon', 'build']
[1.323s] DEBUG:colcon:Parsed command line arguments: Namespace(log_base=None, log_level=None, verb_name='build', build_base='build', install_base='install', merge_install=False, symlink_install=False, test_result_base=None, continue_on_error=False, executor='parallel', parallel_workers=8, event_handlers=None, ignore_user_meta=False, metas=['./colcon.meta'], base_paths=['.'], packages_ignore=None, packages_ignore_regex=None, paths=None, packages_up_to=None, packages_up_to_regex=None, packages_above=None, packages_above_and_dependencies=None, packages_above_depth=None, packages_select_by_dep=None, packages_skip_by_dep=None, packages_skip_up_to=None, packages_select_build_failed=False, packages_skip_build_finished=False, packages_select_test_failures=False, packages_skip_test_passed=False, packages_select=None, packages_skip=None, packages_select_regex=None, packages_skip_regex=None, packages_start=None, packages_end=None, allow_overriding=[], cmake_args=None, cmake_target=None, cmake_target_skip_unavailable=False, cmake_clean_cache=False, cmake_clean_first=False, cmake_force_configure=False, ament_cmake_args=None, catkin_cmake_args=None, catkin_skip_building_tests=False, verb_parser=<colcon_defaults.argument_parser.defaults.DefaultArgumentsDecorator object at 0x7f494b657cd0>, verb_extension=<colcon_core.verb.build.BuildVerb object at 0x7f494b656a40>, main=<bound method BuildVerb.main of <colcon_core.verb.build.BuildVerb object at 0x7f494b656a40>>)
[1.419s] Level 1:colcon.colcon_core.package_discovery:discover_packages(colcon_meta) check parameters
[1.420s] Level 1:colcon.colcon_core.package_discovery:discover_packages(recursive) check parameters
[1.420s] Level 1:colcon.colcon_core.package_discovery:discover_packages(ignore) check parameters
[1.420s] Level 1:colcon.colcon_core.package_discovery:discover_packages(path) check parameters
[1.420s] Level 1:colcon.colcon_core.package_discovery:discover_packages(colcon_meta) discover
[1.420s] Level 1:colcon.colcon_core.package_discovery:discover_packages(recursive) discover
[1.420s] INFO:colcon.colcon_core.package_discovery:Crawling recursively for packages in '/home/lilrosdhruv/ros2_ws/src/Capstone'
[1.420s] Level 1:colcon.colcon_core.package_identification:_identify(.) by extensions ['ignore', 'ignore_ament_install']
[1.420s] Level 1:colcon.colcon_core.package_identification:_identify(.) by extension 'ignore'
[1.420s] Level 1:colcon.colcon_core.package_identification:_identify(.) by extension 'ignore_ament_install'
[1.421s] Level 1:colcon.colcon_core.package_identification:_identify(.) by extensions ['colcon_pkg']
[1.421s] Level 1:colcon.colcon_core.package_identification:_identify(.) by extension 'colcon_pkg'
[1.421s] Level 1:colcon.colcon_core.package_identification:_identify(.) by extensions ['colcon_meta']
[1.421s] Level 1:colcon.colcon_core.package_identification:_identify(.) by extension 'colcon_meta'
[1.421s] Level 1:colcon.colcon_core.package_identification:_identify(.) by extensions ['ros']
[1.421s] Level 1:colcon.colcon_core.package_identification:_identify(.) by extension 'ros'
[1.445s] Level 1:colcon.colcon_core.package_identification:_identify(.) by extensions ['cmake', 'python']
[1.445s] Level 1:colcon.colcon_core.package_identification:_identify(.) by extension 'cmake'
[1.445s] Level 1:colcon.colcon_core.package_identification:_identify(.) by extension 'python'
[1.445s] Level 1:colcon.colcon_core.package_identification:_identify(.) by extensions ['python_setup_py']
[1.445s] Level 1:colcon.colcon_core.package_identification:_identify(.) by extension 'python_setup_py'
[1.446s] Level 1:colcon.colcon_core.package_identification:_identify(build) by extensions ['ignore', 'ignore_ament_install']
[1.446s] Level 1:colcon.colcon_core.package_identification:_identify(build) by extension 'ignore'
[1.446s] Level 1:colcon.colcon_core.package_identification:_identify(build) ignored
[1.446s] Level 1:colcon.colcon_core.package_identification:_identify(image_stream) by extensions ['ignore', 'ignore_ament_install']
[1.446s] Level 1:colcon.colcon_core.package_identification:_identify(image_stream) by extension 'ignore'
[1.446s] Level 1:colcon.colcon_core.package_identification:_identify(image_stream) by extension 'ignore_ament_install'
[1.446s] Level 1:colcon.colcon_core.package_identification:_identify(image_stream) by extensions ['colcon_pkg']
[1.447s] Level 1:colcon.colcon_core.package_identification:_identify(image_stream) by extension 'colcon_pkg'
[1.447s] Level 1:colcon.colcon_core.package_identification:_identify(image_stream) by extensions ['colcon_meta']
[1.447s] Level 1:colcon.colcon_core.package_identification:_identify(image_stream) by extension 'colcon_meta'
[1.447s] Level 1:colcon.colcon_core.package_identification:_identify(image_stream) by extensions ['ros']
[1.447s] Level 1:colcon.colcon_core.package_identification:_identify(image_stream) by extension 'ros'
[1.453s] DEBUG:colcon.colcon_core.package_identification:Package 'image_stream' with type 'ros.ament_cmake' and name 'image_stream'
[1.453s] Level 1:colcon.colcon_core.package_identification:_identify(install) by extensions ['ignore', 'ignore_ament_install']
[1.453s] Level 1:colcon.colcon_core.package_identification:_identify(install) by extension 'ignore'
[1.453s] Level 1:colcon.colcon_core.package_identification:_identify(install) ignored
[1.454s] Level 1:colcon.colcon_core.package_identification:_identify(log) by extensions ['ignore', 'ignore_ament_install']
[1.454s] Level 1:colcon.colcon_core.package_identification:_identify(log) by extension 'ignore'
[1.454s] Level 1:colcon.colcon_core.package_identification:_identify(log) ignored
[1.454s] Level 1:colcon.colcon_core.package_discovery:discover_packages(recursive) using defaults
[1.454s] Level 1:colcon.colcon_core.package_discovery:discover_packages(ignore) discover
[1.454s] Level 1:colcon.colcon_core.package_discovery:discover_packages(ignore) using defaults
[1.454s] Level 1:colcon.colcon_core.package_discovery:discover_packages(path) discover
[1.454s] Level 1:colcon.colcon_core.package_discovery:discover_packages(path) using defaults
[1.551s] Level 1:colcon.colcon_core.package_discovery:discover_packages(prefix_path) check parameters
[1.551s] Level 1:colcon.colcon_core.package_discovery:discover_packages(prefix_path) discover
[1.577s] DEBUG:colcon.colcon_installed_package_information.package_discovery:Found 1 installed packages in /home/lilrosdhruv/ros2_ws/src/install
[1.591s] DEBUG:colcon.colcon_installed_package_information.package_discovery:Found 284 installed packages in /opt/ros/humble
[1.592s] Level 1:colcon.colcon_core.package_discovery:discover_packages(prefix_path) using defaults
[1.677s] Level 5:colcon.colcon_core.verb:set package 'image_stream' build argument 'cmake_args' from command line to 'None'
[1.677s] Level 5:colcon.colcon_core.verb:set package 'image_stream' build argument 'cmake_target' from command line to 'None'
[1.677s] Level 5:colcon.colcon_core.verb:set package 'image_stream' build argument 'cmake_target_skip_unavailable' from command line to 'False'
[1.677s] Level 5:colcon.colcon_core.verb:set package 'image_stream' build argument 'cmake_clean_cache' from command line to 'False'
[1.677s] Level 5:colcon.colcon_core.verb:set package 'image_stream' build argument 'cmake_clean_first' from command line to 'False'
[1.677s] Level 5:colcon.colcon_core.verb:set package 'image_stream' build argument 'cmake_force_configure' from command line to 'False'
[1.677s] Level 5:colcon.colcon_core.verb:set package 'image_stream' build argument 'ament_cmake_args' from command line to 'None'
[1.677s] Level 5:colcon.colcon_core.verb:set package 'image_stream' build argument 'catkin_cmake_args' from command line to 'None'
[1.677s] Level 5:colcon.colcon_core.verb:set package 'image_stream' build argument 'catkin_skip_building_tests' from command line to 'False'
[1.677s] DEBUG:colcon.colcon_core.verb:Building package 'image_stream' with the following arguments: {'ament_cmake_args': None, 'build_base': '/home/lilrosdhruv/ros2_ws/src/Capstone/build/image_stream', 'catkin_cmake_args': None, 'catkin_skip_building_tests': False, 'cmake_args': None, 'cmake_clean_cache': False, 'cmake_clean_first': False, 'cmake_force_configure': False, 'cmake_target': None, 'cmake_target_skip_unavailable': False, 'install_base': '/home/lilrosdhruv/ros2_ws/src/Capstone/install/image_stream', 'merge_install': False, 'path': '/home/lilrosdhruv/ros2_ws/src/Capstone/image_stream', 'symlink_install': False, 'test_result_base': None}
[1.687s] INFO:colcon.colcon_core.executor:Executing jobs using 'parallel' executor
[1.699s] DEBUG:colcon.colcon_parallel_executor.executor.parallel:run_until_complete
[1.699s] INFO:colcon.colcon_ros.task.ament_cmake.build:Building ROS package in '/home/lilrosdhruv/ros2_ws/src/Capstone/image_stream' with build type 'ament_cmake'
[1.699s] INFO:colcon.colcon_cmake.task.cmake.build:Building CMake package in '/home/lilrosdhruv/ros2_ws/src/Capstone/image_stream'
[1.726s] INFO:colcon.colcon_core.plugin_system:Skipping extension 'colcon_core.shell.bat': Not used on non-Windows systems
[1.726s] INFO:colcon.colcon_core.shell:Skip shell extension 'powershell' for command environment: Not usable outside of PowerShell
[1.726s] DEBUG:colcon.colcon_core.shell:Skip shell extension 'dsv' for command environment
[1.774s] DEBUG:colcon.colcon_core.event_handler.log_command:Invoking command in '/home/lilrosdhruv/ros2_ws/src/Capstone/build/image_stream': CMAKE_PREFIX_PATH=${CMAKE_PREFIX_PATH}:/opt/ros/humble WSLENV=ELECTRON_RUN_AS_NODE/w: /usr/bin/cmake /home/lilrosdhruv/ros2_ws/src/Capstone/image_stream -DCMAKE_INSTALL_PREFIX=/home/lilrosdhruv/ros2_ws/src/Capstone/install/image_stream
[17.122s] DEBUG:colcon.colcon_core.event_handler.log_command:Invoked command in '/home/lilrosdhruv/ros2_ws/src/Capstone/build/image_stream' returned '0': CMAKE_PREFIX_PATH=${CMAKE_PREFIX_PATH}:/opt/ros/humble WSLENV=ELECTRON_RUN_AS_NODE/w: /usr/bin/cmake /home/lilrosdhruv/ros2_ws/src/Capstone/image_stream -DCMAKE_INSTALL_PREFIX=/home/lilrosdhruv/ros2_ws/src/Capstone/install/image_stream
[17.123s] DEBUG:colcon.colcon_core.event_handler.log_command:Invoking command in '/home/lilrosdhruv/ros2_ws/src/Capstone/build/image_stream': CMAKE_PREFIX_PATH=${CMAKE_PREFIX_PATH}:/opt/ros/humble WSLENV=ELECTRON_RUN_AS_NODE/w: /usr/bin/cmake --build /home/lilrosdhruv/ros2_ws/src/Capstone/build/image_stream -- -j8 -l8
[30.386s] DEBUG:colcon.colcon_core.event_handler.log_command:Invoked command in '/home/lilrosdhruv/ros2_ws/src/Capstone/build/image_stream' returned '0': CMAKE_PREFIX_PATH=${CMAKE_PREFIX_PATH}:/opt/ros/humble WSLENV=ELECTRON_RUN_AS_NODE/w: /usr/bin/cmake --build /home/lilrosdhruv/ros2_ws/src/Capstone/build/image_stream -- -j8 -l8
[30.425s] DEBUG:colcon.colcon_core.event_handler.log_command:Invoking command in '/home/lilrosdhruv/ros2_ws/src/Capstone/build/image_stream': CMAKE_PREFIX_PATH=${CMAKE_PREFIX_PATH}:/opt/ros/humble WSLENV=ELECTRON_RUN_AS_NODE/w: /usr/bin/cmake --install /home/lilrosdhruv/ros2_ws/src/Capstone/build/image_stream
[30.462s] Level 1:colcon.colcon_core.environment:create_environment_scripts_only(image_stream)
[30.464s] DEBUG:colcon.colcon_core.event_handler.log_command:Invoked command in '/home/lilrosdhruv/ros2_ws/src/Capstone/build/image_stream' returned '0': CMAKE_PREFIX_PATH=${CMAKE_PREFIX_PATH}:/opt/ros/humble WSLENV=ELECTRON_RUN_AS_NODE/w: /usr/bin/cmake --install /home/lilrosdhruv/ros2_ws/src/Capstone/build/image_stream
[30.505s] Level 1:colcon.colcon_core.environment:checking '/home/lilrosdhruv/ros2_ws/src/Capstone/install/image_stream' for CMake module files
[30.506s] Level 1:colcon.colcon_core.environment:checking '/home/lilrosdhruv/ros2_ws/src/Capstone/install/image_stream' for CMake config files
[30.506s] Level 1:colcon.colcon_core.shell:create_environment_hook('image_stream', 'cmake_prefix_path')
[30.519s] INFO:colcon.colcon_core.shell:Creating environment hook '/home/lilrosdhruv/ros2_ws/src/Capstone/install/image_stream/share/image_stream/hook/cmake_prefix_path.ps1'
[30.521s] INFO:colcon.colcon_core.shell:Creating environment descriptor '/home/lilrosdhruv/ros2_ws/src/Capstone/install/image_stream/share/image_stream/hook/cmake_prefix_path.dsv'
[30.522s] INFO:colcon.colcon_core.shell:Creating environment hook '/home/lilrosdhruv/ros2_ws/src/Capstone/install/image_stream/share/image_stream/hook/cmake_prefix_path.sh'
[30.523s] Level 1:colcon.colcon_core.environment:checking '/home/lilrosdhruv/ros2_ws/src/Capstone/install/image_stream/lib'
[30.523s] Level 1:colcon.colcon_core.environment:checking '/home/lilrosdhruv/ros2_ws/src/Capstone/install/image_stream/bin'
[30.524s] Level 1:colcon.colcon_core.environment:checking '/home/lilrosdhruv/ros2_ws/src/Capstone/install/image_stream/lib/pkgconfig/image_stream.pc'
[30.524s] Level 1:colcon.colcon_core.environment:checking '/home/lilrosdhruv/ros2_ws/src/Capstone/install/image_stream/lib/python3.10/site-packages'
[30.524s] Level 1:colcon.colcon_core.environment:checking '/home/lilrosdhruv/ros2_ws/src/Capstone/install/image_stream/bin'
[30.536s] INFO:colcon.colcon_core.shell:Creating package script '/home/lilrosdhruv/ros2_ws/src/Capstone/install/image_stream/share/image_stream/package.ps1'
[30.537s] INFO:colcon.colcon_core.shell:Creating package descriptor '/home/lilrosdhruv/ros2_ws/src/Capstone/install/image_stream/share/image_stream/package.dsv'
[30.538s] INFO:colcon.colcon_core.shell:Creating package script '/home/lilrosdhruv/ros2_ws/src/Capstone/install/image_stream/share/image_stream/package.sh'
[30.539s] INFO:colcon.colcon_core.shell:Creating package script '/home/lilrosdhruv/ros2_ws/src/Capstone/install/image_stream/share/image_stream/package.bash'
[30.541s] INFO:colcon.colcon_core.shell:Creating package script '/home/lilrosdhruv/ros2_ws/src/Capstone/install/image_stream/share/image_stream/package.zsh'
[30.543s] Level 1:colcon.colcon_core.environment:create_file_with_runtime_dependencies(/home/lilrosdhruv/ros2_ws/src/Capstone/install/image_stream/share/colcon-core/packages/image_stream)
[30.611s] Level 1:colcon.colcon_core.environment:create_environment_scripts_only(image_stream)
[30.639s] Level 1:colcon.colcon_core.environment:checking '/home/lilrosdhruv/ros2_ws/src/Capstone/install/image_stream' for CMake module files
[30.639s] Level 1:colcon.colcon_core.environment:checking '/home/lilrosdhruv/ros2_ws/src/Capstone/install/image_stream' for CMake config files
[30.639s] Level 1:colcon.colcon_core.shell:create_environment_hook('image_stream', 'cmake_prefix_path')
[30.651s] INFO:colcon.colcon_core.shell:Creating environment hook '/home/lilrosdhruv/ros2_ws/src/Capstone/install/image_stream/share/image_stream/hook/cmake_prefix_path.ps1'
[30.651s] INFO:colcon.colcon_core.shell:Creating environment descriptor '/home/lilrosdhruv/ros2_ws/src/Capstone/install/image_stream/share/image_stream/hook/cmake_prefix_path.dsv'
[30.652s] INFO:colcon.colcon_core.shell:Creating environment hook '/home/lilrosdhruv/ros2_ws/src/Capstone/install/image_stream/share/image_stream/hook/cmake_prefix_path.sh'
[30.652s] Level 1:colcon.colcon_core.environment:checking '/home/lilrosdhruv/ros2_ws/src/Capstone/install/image_stream/lib'
[30.652s] Level 1:colcon.colcon_core.environment:checking '/home/lilrosdhruv/ros2_ws/src/Capstone/install/image_stream/bin'
[30.652s] Level 1:colcon.colcon_core.environment:checking '/home/lilrosdhruv/ros2_ws/src/Capstone/install/image_stream/lib/pkgconfig/image_stream.pc'
[30.653s] Level 1:colcon.colcon_core.environment:checking '/home/lilrosdhruv/ros2_ws/src/Capstone/install/image_stream/lib/python3.10/site-packages'
[30.653s] Level 1:colcon.colcon_core.environment:checking '/home/lilrosdhruv/ros2_ws/src/Capstone/install/image_stream/bin'
[30.664s] INFO:colcon.colcon_core.shell:Creating package script '/home/lilrosdhruv/ros2_ws/src/Capstone/install/image_stream/share/image_stream/package.ps1'
[30.665s] INFO:colcon.colcon_core.shell:Creating package descriptor '/home/lilrosdhruv/ros2_ws/src/Capstone/install/image_stream/share/image_stream/package.dsv'
[30.665s] INFO:colcon.colcon_core.shell:Creating package script '/home/lilrosdhruv/ros2_ws/src/Capstone/install/image_stream/share/image_stream/package.sh'
[30.666s] INFO:colcon.colcon_core.shell:Creating package script '/home/lilrosdhruv/ros2_ws/src/Capstone/install/image_stream/share/image_stream/package.bash'
[30.666s] INFO:colcon.colcon_core.shell:Creating package script '/home/lilrosdhruv/ros2_ws/src/Capstone/install/image_stream/share/image_stream/package.zsh'
[30.667s] Level 1:colcon.colcon_core.environment:create_file_with_runtime_dependencies(/home/lilrosdhruv/ros2_ws/src/Capstone/install/image_stream/share/colcon-core/packages/image_stream)
[30.667s] DEBUG:colcon.colcon_parallel_executor.executor.parallel:closing loop
[30.668s] DEBUG:colcon.colcon_parallel_executor.executor.parallel:loop closed
[30.668s] DEBUG:colcon.colcon_parallel_executor.executor.parallel:run_until_complete finished with '0'
[30.668s] DEBUG:colcon.colcon_core.event_reactor:joining thread
[30.817s] INFO:colcon.colcon_core.plugin_system:Skipping extension 'colcon_notification.desktop_notification.notify_send': Could not find 'notify-send'
[30.818s] INFO:colcon.colcon_core.plugin_system:Skipping extension 'colcon_notification.desktop_notification.terminal_notifier': Not used on non-Darwin systems
[30.818s] INFO:colcon.colcon_core.plugin_system:Skipping extension 'colcon_notification.desktop_notification.win32': Not used on non-Windows systems
[30.818s] INFO:colcon.colcon_notification.desktop_notification:Sending desktop notification using 'notify2'
[30.820s] DEBUG:colcon.colcon_notification.desktop_notification.notify2:Failed to initialize notify2: org.freedesktop.DBus.Error.FileNotFound: Failed to connect to socket /run/user/1000/bus: No such file or directory
[30.821s] DEBUG:colcon.colcon_core.event_reactor:joined thread
[30.844s] INFO:colcon.colcon_core.shell:Creating prefix script '/home/lilrosdhruv/ros2_ws/src/Capstone/install/local_setup.ps1'
[30.845s] INFO:colcon.colcon_core.shell:Creating prefix util module '/home/lilrosdhruv/ros2_ws/src/Capstone/install/_local_setup_util_ps1.py'
[30.848s] INFO:colcon.colcon_core.shell:Creating prefix chain script '/home/lilrosdhruv/ros2_ws/src/Capstone/install/setup.ps1'
[30.862s] INFO:colcon.colcon_core.shell:Creating prefix script '/home/lilrosdhruv/ros2_ws/src/Capstone/install/local_setup.sh'
[30.863s] INFO:colcon.colcon_core.shell:Creating prefix util module '/home/lilrosdhruv/ros2_ws/src/Capstone/install/_local_setup_util_sh.py'
[30.863s] INFO:colcon.colcon_core.shell:Creating prefix chain script '/home/lilrosdhruv/ros2_ws/src/Capstone/install/setup.sh'
[30.902s] INFO:colcon.colcon_core.shell:Creating prefix script '/home/lilrosdhruv/ros2_ws/src/Capstone/install/local_setup.bash'
[30.904s] INFO:colcon.colcon_core.shell:Creating prefix chain script '/home/lilrosdhruv/ros2_ws/src/Capstone/install/setup.bash'
[30.926s] INFO:colcon.colcon_core.shell:Creating prefix script '/home/lilrosdhruv/ros2_ws/src/Capstone/install/local_setup.zsh'
[30.929s] INFO:colcon.colcon_core.shell:Creating prefix chain script '/home/lilrosdhruv/ros2_ws/src/Capstone/install/setup.zsh'
